This is pdfTeX, Version 3.1415926-2.3-1.40.12 (MiKTeX 2.9) (preloaded format=pdflatex 2012.5.3)  3 JUN 2012 18:53
entering extended mode
**main.tex
(E:\Licenciatura\diseno_inv_1\latex\nn-traffic\main.tex
LaTeX2e <2011/06/27>
Babel <v3.8m> and hyphenation patterns for english, afrikaans, ancientgreek, ar
abic, armenian, assamese, basque, bengali, bokmal, bulgarian, catalan, coptic, 
croatian, czech, danish, dutch, esperanto, estonian, farsi, finnish, french, ga
lician, german, german-x-2009-06-19, greek, gujarati, hindi, hungarian, iceland
ic, indonesian, interlingua, irish, italian, kannada, kurmanji, lao, latin, lat
vian, lithuanian, malayalam, marathi, mongolian, mongolianlmc, monogreek, ngerm
an, ngerman-x-2009-06-19, nynorsk, oriya, panjabi, pinyin, polish, portuguese, 
romanian, russian, sanskrit, serbian, slovak, slovenian, spanish, swedish, swis
sgerman, tamil, telugu, turkish, turkmen, ukenglish, ukrainian, uppersorbian, u
senglishmax, welsh, loaded.
("C:\Program Files (x86)\MiKTeX 2.9\tex\latex\base\book.cls"
Document Class: book 2007/10/19 v1.4h Standard LaTeX document class
("C:\Program Files (x86)\MiKTeX 2.9\tex\latex\base\bk12.clo"
File: bk12.clo 2007/10/19 v1.4h Standard LaTeX file (size option)
)
\c@part=\count79
\c@chapter=\count80
\c@section=\count81
\c@subsection=\count82
\c@subsubsection=\count83
\c@paragraph=\count84
\c@subparagraph=\count85
\c@figure=\count86
\c@table=\count87
\abovecaptionskip=\skip41
\belowcaptionskip=\skip42
\bibindent=\dimen102
)
(E:\Licenciatura\diseno_inv_1\latex\nn-traffic\body/header.tex
("C:\Program Files (x86)\MiKTeX 2.9\tex\latex\graphics\graphicx.sty"
Package: graphicx 1999/02/16 v1.0f Enhanced LaTeX Graphics (DPC,SPQR)

("C:\Program Files (x86)\MiKTeX 2.9\tex\latex\graphics\keyval.sty"
Package: keyval 1999/03/16 v1.13 key=value parser (DPC)
\KV@toks@=\toks14
)
("C:\Program Files (x86)\MiKTeX 2.9\tex\latex\graphics\graphics.sty"
Package: graphics 2009/02/05 v1.0o Standard LaTeX Graphics (DPC,SPQR)

("C:\Program Files (x86)\MiKTeX 2.9\tex\latex\graphics\trig.sty"
Package: trig 1999/03/16 v1.09 sin cos tan (DPC)
)
("C:\Program Files (x86)\MiKTeX 2.9\tex\latex\00miktex\graphics.cfg"
File: graphics.cfg 2007/01/18 v1.5 graphics configuration of teTeX/TeXLive
)
Package graphics Info: Driver file: pdftex.def on input line 91.

("C:\Program Files (x86)\MiKTeX 2.9\tex\latex\pdftex-def\pdftex.def"
File: pdftex.def 2011/05/27 v0.06d Graphics/color for pdfTeX

("C:\Program Files (x86)\MiKTeX 2.9\tex\generic\oberdiek\infwarerr.sty"
Package: infwarerr 2010/04/08 v1.3 Providing info/warning/message (HO)
)
("C:\Program Files (x86)\MiKTeX 2.9\tex\generic\oberdiek\ltxcmds.sty"
Package: ltxcmds 2011/04/18 v1.20 LaTeX kernel commands for general use (HO)
)
\Gread@gobject=\count88
))
\Gin@req@height=\dimen103
\Gin@req@width=\dimen104
)
("C:\Program Files (x86)\MiKTeX 2.9\tex\latex\graphics\color.sty"
Package: color 2005/11/14 v1.0j Standard LaTeX Color (DPC)

("C:\Program Files (x86)\MiKTeX 2.9\tex\latex\00miktex\color.cfg"
File: color.cfg 2007/01/18 v1.5 color configuration of teTeX/TeXLive
)
Package color Info: Driver file: pdftex.def on input line 130.
)
("C:\Program Files (x86)\MiKTeX 2.9\tex\latex\setspace\setspace.sty"
Package: setspace 2011/12/19 v6.7a set line spacing
)
("C:\Program Files (x86)\MiKTeX 2.9\tex\latex\fancyhdr\fancyhdr.sty"
\fancy@headwidth=\skip43
\f@ncyO@elh=\skip44
\f@ncyO@erh=\skip45
\f@ncyO@olh=\skip46
\f@ncyO@orh=\skip47
\f@ncyO@elf=\skip48
\f@ncyO@erf=\skip49
\f@ncyO@olf=\skip50
\f@ncyO@orf=\skip51
)
("C:\Program Files (x86)\MiKTeX 2.9\tex\generic\babel\babel.sty"
Package: babel 2008/07/08 v3.8m The Babel package

*************************************
* Local config file bblopts.cfg used
*
("C:\Program Files (x86)\MiKTeX 2.9\tex\latex\00miktex\bblopts.cfg"
File: bblopts.cfg 2006/07/31 v1.0 MiKTeX 'babel' configuration
)
("C:\Program Files (x86)\MiKTeX 2.9\tex\generic\babel\spanish.ldf"
Language: spanish.ldf 2009/01/02 v5.0h Spanish support from the babel system

("C:\Program Files (x86)\MiKTeX 2.9\tex\generic\babel\babel.def"
File: babel.def 2008/07/08 v3.8m Babel common definitions
\babel@savecnt=\count89
\U@D=\dimen105
)
\es@datefmt=\count90
\es@quottoks=\toks15
\es@quotdepth=\count91
Package babel Info: Making " an active character on input line 492.
Package babel Info: Making . an active character on input line 585.
Package babel Info: Making < an active character on input line 630.
Package babel Info: Making > an active character on input line 630.
))
("C:\Program Files (x86)\MiKTeX 2.9\tex\latex\amsfonts\amssymb.sty"
Package: amssymb 2009/06/22 v3.00

("C:\Program Files (x86)\MiKTeX 2.9\tex\latex\amsfonts\amsfonts.sty"
Package: amsfonts 2009/06/22 v3.00 Basic AMSFonts support
\@emptytoks=\toks16
\symAMSa=\mathgroup4
\symAMSb=\mathgroup5
LaTeX Font Info:    Overwriting math alphabet `\mathfrak' in version `bold'
(Font)                  U/euf/m/n --> U/euf/b/n on input line 96.
))
("C:\Program Files (x86)\MiKTeX 2.9\tex\latex\geometry\geometry.sty"
Package: geometry 2010/09/12 v5.6 Page Geometry

("C:\Program Files (x86)\MiKTeX 2.9\tex\generic\oberdiek\ifpdf.sty"
Package: ifpdf 2011/01/30 v2.3 Provides the ifpdf switch (HO)
Package ifpdf Info: pdfTeX in PDF mode is detected.
)
("C:\Program Files (x86)\MiKTeX 2.9\tex\generic\oberdiek\ifvtex.sty"
Package: ifvtex 2010/03/01 v1.5 Switches for detecting VTeX and its modes (HO)
Package ifvtex Info: VTeX not detected.
)
("C:\Program Files (x86)\MiKTeX 2.9\tex\generic\ifxetex\ifxetex.sty"
Package: ifxetex 2010/09/12 v0.6 Provides ifxetex conditional
)
\Gm@cnth=\count92
\Gm@cntv=\count93
\c@Gm@tempcnt=\count94
\Gm@bindingoffset=\dimen106
\Gm@wd@mp=\dimen107
\Gm@odd@mp=\dimen108
\Gm@even@mp=\dimen109
\Gm@layoutwidth=\dimen110
\Gm@layoutheight=\dimen111
\Gm@layouthoffset=\dimen112
\Gm@layoutvoffset=\dimen113
\Gm@dimlist=\toks17

("C:\Program Files (x86)\MiKTeX 2.9\tex\latex\geometry\geometry.cfg"))
("C:\Program Files (x86)\MiKTeX 2.9\tex\latex\graphics\lscape.sty"
Package: lscape 2000/10/22 v3.01 Landscape Pages (DPC)
)
("C:\Program Files (x86)\MiKTeX 2.9\tex\latex\tools\indentfirst.sty"
Package: indentfirst 1995/11/23 v1.03 Indent first paragraph (DPC)
)
("C:\Program Files (x86)\MiKTeX 2.9\tex\latex\hyperref\hyperref.sty"
Package: hyperref 2012/02/28 v6.82p Hypertext links for LaTeX

("C:\Program Files (x86)\MiKTeX 2.9\tex\generic\oberdiek\hobsub-hyperref.sty"
Package: hobsub-hyperref 2011/04/23 v1.4 Bundle oberdiek, subset hyperref (HO)

("C:\Program Files (x86)\MiKTeX 2.9\tex\generic\oberdiek\hobsub-generic.sty"
Package: hobsub-generic 2011/04/23 v1.4 Bundle oberdiek, subset generic (HO)
Package: hobsub 2011/04/23 v1.4 Subsetting bundle oberdiek (HO)
Package hobsub Info: Skipping package `infwarerr' (already loaded).
Package hobsub Info: Skipping package `ltxcmds' (already loaded).
Package: ifluatex 2010/03/01 v1.3 Provides the ifluatex switch (HO)
Package ifluatex Info: LuaTeX not detected.
Package hobsub Info: Skipping package `ifvtex' (already loaded).
Package: intcalc 2007/09/27 v1.1 Expandable integer calculations (HO)
Package hobsub Info: Skipping package `ifpdf' (already loaded).
Package: etexcmds 2011/02/16 v1.5 Prefix for e-TeX command names (HO)
Package etexcmds Info: Could not find \expanded.
(etexcmds)             That can mean that you are not using pdfTeX 1.50 or
(etexcmds)             that some package has redefined \expanded.
(etexcmds)             In the latter case, load this package earlier.
Package: kvsetkeys 2011/04/07 v1.13 Key value parser (HO)
Package: kvdefinekeys 2011/04/07 v1.3 Defining keys (HO)
Package: pdftexcmds 2011/04/22 v0.16 Utilities of pdfTeX for LuaTeX (HO)
Package pdftexcmds Info: LuaTeX not detected.
Package pdftexcmds Info: \pdf@primitive is available.
Package pdftexcmds Info: \pdf@ifprimitive is available.
Package pdftexcmds Info: \pdfdraftmode found.
Package: pdfescape 2011/04/04 v1.12 Provides string conversions (HO)
Package: bigintcalc 2011/01/30 v1.2 Expandable big integer calculations (HO)
Package: bitset 2011/01/30 v1.1 Data type bit set (HO)
Package: uniquecounter 2011/01/30 v1.2 Provides unlimited unique counter (HO)
)
Package hobsub Info: Skipping package `hobsub' (already loaded).
Package: letltxmacro 2010/09/02 v1.4 Let assignment for LaTeX macros (HO)
Package: hopatch 2011/01/30 v1.0 Wrapper for package hooks (HO)
Package: xcolor-patch 2011/01/30 xcolor patch
Package: atveryend 2011/04/23 v1.7 Hooks at very end of document (HO)
Package: atbegshi 2011/01/30 v1.15 At begin shipout hook (HO)
Package: refcount 2010/12/01 v3.2 Data extraction from references (HO)
Package: hycolor 2011/01/30 v1.7 Color options of hyperref/bookmark (HO)
)
("C:\Program Files (x86)\MiKTeX 2.9\tex\latex\oberdiek\kvoptions.sty"
Package: kvoptions 2010/12/23 v3.10 Keyval support for LaTeX options (HO)
)
\@linkdim=\dimen114
\Hy@linkcounter=\count95
\Hy@pagecounter=\count96

("C:\Program Files (x86)\MiKTeX 2.9\tex\latex\hyperref\pd1enc.def"
File: pd1enc.def 2012/02/28 v6.82p Hyperref: PDFDocEncoding definition (HO)
)
\Hy@SavedSpaceFactor=\count97

("C:\Program Files (x86)\MiKTeX 2.9\tex\latex\00miktex\hyperref.cfg"
File: hyperref.cfg 2002/06/06 v1.2 hyperref configuration of TeXLive
)
Package hyperref Info: Option `pdffitwindow' set `true' on input line 3941.
Package hyperref Info: Hyper figures OFF on input line 4062.
Package hyperref Info: Link nesting OFF on input line 4067.
Package hyperref Info: Hyper index ON on input line 4070.
Package hyperref Info: Plain pages OFF on input line 4077.
Package hyperref Info: Backreferencing OFF on input line 4082.
Package hyperref Info: Implicit mode ON; LaTeX internals redefined.
Package hyperref Info: Bookmarks ON on input line 4300.
\c@Hy@tempcnt=\count98

("C:\Program Files (x86)\MiKTeX 2.9\tex\latex\ltxmisc\url.sty"
\Urlmuskip=\muskip10
Package: url 2006/04/12  ver 3.3  Verb mode for urls, etc.
)
LaTeX Info: Redefining \url on input line 4653.
\Fld@menulength=\count99
\Field@Width=\dimen115
\Fld@charsize=\dimen116
Package hyperref Info: Hyper figures OFF on input line 5773.
Package hyperref Info: Link nesting OFF on input line 5778.
Package hyperref Info: Hyper index ON on input line 5781.
Package hyperref Info: backreferencing OFF on input line 5788.
Package hyperref Info: Link coloring OFF on input line 5793.
Package hyperref Info: Link coloring with OCG OFF on input line 5798.
Package hyperref Info: PDF/A mode OFF on input line 5803.
LaTeX Info: Redefining \ref on input line 5843.
LaTeX Info: Redefining \pageref on input line 5847.
\Hy@abspage=\count100
\c@Item=\count101
\c@Hfootnote=\count102
)

Package hyperref Message: Driver (autodetected): hpdftex.

("C:\Program Files (x86)\MiKTeX 2.9\tex\latex\hyperref\hpdftex.def"
File: hpdftex.def 2012/02/28 v6.82p Hyperref driver for pdfTeX
\Fld@listcount=\count103
\c@bookmark@seq@number=\count104

("C:\Program Files (x86)\MiKTeX 2.9\tex\latex\oberdiek\rerunfilecheck.sty"
Package: rerunfilecheck 2011/04/15 v1.7 Rerun checks for auxiliary files (HO)
Package uniquecounter Info: New unique counter `rerunfilecheck' on input line 2
82.
)
\Hy@SectionHShift=\skip52
)
Package hyperref Info: Option `colorlinks' set `true' on input line 19.

("C:\Program Files (x86)\MiKTeX 2.9\tex\latex\glossaries\base\glossaries.sty"
Package: glossaries 2011/04/12 v3.01 (NLCT)

("C:\Program Files (x86)\MiKTeX 2.9\tex\latex\base\ifthen.sty"
Package: ifthen 2001/05/26 v1.1c Standard LaTeX ifthen package (DPC)
)
("C:\Program Files (x86)\MiKTeX 2.9\tex\latex\xkeyval\xkeyval.sty"
Package: xkeyval 2008/08/13 v2.6a package option processing (HA)

("C:\Program Files (x86)\MiKTeX 2.9\tex\generic\xkeyval\xkeyval.tex"
\XKV@toks=\toks18
\XKV@tempa@toks=\toks19
\XKV@depth=\count105
File: xkeyval.tex 2008/08/13 v2.6a key=value parser (HA)
))
("C:\Program Files (x86)\MiKTeX 2.9\tex\latex\glossaries\base\mfirstuc.sty"
Package: mfirstuc 2011/04/02 v1.05 (NLCT)
\@glsmfirst=\toks20
\@glsmrest=\toks21
)
("C:\Program Files (x86)\MiKTeX 2.9\tex\latex\xfor\xfor.sty"
Package: xfor 2009/02/05 v1.05 (NLCT)
)
("C:\Program Files (x86)\MiKTeX 2.9\tex\latex\ams\math\amsgen.sty"
File: amsgen.sty 1999/11/30 v2.0
\@emptytoks=\toks22
\ex@=\dimen117
)
("C:\Program Files (x86)\MiKTeX 2.9\tex\latex\etoolbox\etoolbox.sty"
Package: etoolbox 2011/01/03 v2.1 e-TeX tools for LaTeX

("C:\Program Files (x86)\MiKTeX 2.9\tex\latex\misc\etex.sty"
Package: etex 1998/03/26 v2.0 eTeX basic definition package (PEB)
\et@xins=\count106
)
\etb@tempcnta=\count107
)
("C:\Program Files (x86)\MiKTeX 2.9\tex\latex\beamer\base\translator\translator
.sty"
Package: translator 2010/06/12 ver 1.10

("C:\Program Files (x86)\MiKTeX 2.9\tex\latex\beamer\base\translator\translator
-language-mappings.tex"))
\gls@level=\count108
\@gls@tmpb=\toks23
\gls@tmplen=\skip53
\glswrite=\write3
\glskeylisttok=\toks24
\glslabeltok=\toks25
\glsshorttok=\toks26
\glslongtok=\toks27

("C:\Program Files (x86)\MiKTeX 2.9\tex\latex\glossaries\styles\glossary-hypern
av.sty"
Package: glossary-hypernav 2007/07/04 v1.01 (NLCT)
)
("C:\Program Files (x86)\MiKTeX 2.9\tex\latex\glossaries\styles\glossary-list.s
ty"
Package: glossary-list 2011/03/28 v3.0 (NLCT)
\glslistdottedwidth=\skip54
)
("C:\Program Files (x86)\MiKTeX 2.9\tex\latex\glossaries\styles\glossary-long.s
ty"
Package: glossary-long 2011/03/28 v3.0 (NLCT)
 ("C:\Program Files (x86)\MiKTeX 2.9\tex\latex\tools\longtable.sty"
Package: longtable 2004/02/01 v4.11 Multi-page Table package (DPC)
\LTleft=\skip55
\LTright=\skip56
\LTpre=\skip57
\LTpost=\skip58
\LTchunksize=\count109
\LTcapwidth=\dimen118
\LT@head=\box26
\LT@firsthead=\box27
\LT@foot=\box28
\LT@lastfoot=\box29
\LT@cols=\count110
\LT@rows=\count111
\c@LT@tables=\count112
\c@LT@chunks=\count113
\LT@p@ftn=\toks28
)
\glsdescwidth=\skip59
\glspagelistwidth=\skip60
)
("C:\Program Files (x86)\MiKTeX 2.9\tex\latex\glossaries\styles\glossary-super.
sty"
Package: glossary-super 2011/03/28 v3.0 (NLCT)
 ("C:\Program Files (x86)\MiKTeX 2.9\tex\latex\supertabular\supertabular.sty"
Package: supertabular 2004/02/20 v4.1e the supertabular environment
\c@tracingst=\count114
\ST@wd=\dimen119
\ST@rightskip=\skip61
\ST@leftskip=\skip62
\ST@parfillskip=\skip63
\ST@pageleft=\dimen120
\ST@headht=\dimen121
\ST@tailht=\dimen122
\ST@pagesofar=\dimen123
\ST@pboxht=\dimen124
\ST@lineht=\dimen125
\ST@stretchht=\dimen126
\ST@prevht=\dimen127
\ST@toadd=\dimen128
\ST@dimen=\dimen129
\ST@pbox=\box30
))
("C:\Program Files (x86)\MiKTeX 2.9\tex\latex\glossaries\styles\glossary-tree.s
ty"
Package: glossary-tree 2011/03/28 v3.0 (NLCT)
\glstreeindent=\skip64
)) ("C:\Program Files (x86)\MiKTeX 2.9\tex\latex\titlesec\titlesec.sty"
Package: titlesec 2011/12/15 v2.10.0 Sectioning titles
\ttl@box=\box31
\beforetitleunit=\skip65
\aftertitleunit=\skip66
\ttl@plus=\dimen130
\ttl@minus=\dimen131
\ttl@toksa=\toks29
\titlewidth=\dimen132
\titlewidthlast=\dimen133
\titlewidthfirst=\dimen134
)
("C:\Program Files (x86)\MiKTeX 2.9\tex\latex\apacite\apacite.sty"
Package: apacite 2012/02/25 v6.01 APA citation
\c@BibCnt=\count115
\bibleftmargin=\skip67
\bibindent=\skip68
\bibparsep=\skip69
\bibitemsep=\skip70
\biblabelsep=\skip71
))
("C:\Program Files (x86)\MiKTeX 2.9\tex\latex\tocbibind\tocbibind.sty"
Package: tocbibind 2010/10/13 v1.5k extra ToC listings
Package tocbibind Info: The document has chapter divisions on input line 50.


Package tocbibind Note: Using chapter style headings, unless overridden.

)
\glo@main@file=\write4
Package glossaries Info: Writing glossary file main.glo on input line 7.
 (E:\Licenciatura\diseno_inv_1\latex\nn-traffic\main.aux

LaTeX Warning: Label `chap:description' multiply defined.

)
LaTeX Font Info:    Checking defaults for OML/cmm/m/it on input line 14.
LaTeX Font Info:    ... okay on input line 14.
LaTeX Font Info:    Checking defaults for T1/cmr/m/n on input line 14.
LaTeX Font Info:    ... okay on input line 14.
LaTeX Font Info:    Checking defaults for OT1/cmr/m/n on input line 14.
LaTeX Font Info:    ... okay on input line 14.
LaTeX Font Info:    Checking defaults for OMS/cmsy/m/n on input line 14.
LaTeX Font Info:    ... okay on input line 14.
LaTeX Font Info:    Checking defaults for OMX/cmex/m/n on input line 14.
LaTeX Font Info:    ... okay on input line 14.
LaTeX Font Info:    Checking defaults for U/cmr/m/n on input line 14.
LaTeX Font Info:    ... okay on input line 14.
LaTeX Font Info:    Checking defaults for PD1/pdf/m/n on input line 14.
LaTeX Font Info:    ... okay on input line 14.
 ("C:\Program Files (x86)\MiKTeX 2.9\tex\context\base\supp-pdf.mkii"
[Loading MPS to PDF converter (version 2006.09.02).]
\scratchcounter=\count116
\scratchdimen=\dimen135
\scratchbox=\box32
\nofMPsegments=\count117
\nofMParguments=\count118
\everyMPshowfont=\toks30
\MPscratchCnt=\count119
\MPscratchDim=\dimen136
\MPnumerator=\count120
\makeMPintoPDFobject=\count121
\everyMPtoPDFconversion=\toks31
)
*geometry* driver: auto-detecting
*geometry* detected driver: pdftex
*geometry* verbose mode - [ preamble ] result:
* driver: pdftex
* paper: letterpaper
* layout: <same size as paper>
* layoutoffset:(h,v)=(0.0pt,0.0pt)
* modes: 
* h-part:(L,W,R)=(92.14519pt, 430.00462pt, 92.14519pt)
* v-part:(T,H,B)=(95.39737pt, 556.47656pt, 143.09605pt)
* \paperwidth=614.295pt
* \paperheight=794.96999pt
* \textwidth=430.00462pt
* \textheight=556.47656pt
* \oddsidemargin=19.8752pt
* \evensidemargin=19.8752pt
* \topmargin=-8.74641pt
* \headheight=12.0pt
* \headsep=19.8738pt
* \topskip=12.0pt
* \footskip=30.0pt
* \marginparwidth=47.0pt
* \marginparsep=7.0pt
* \columnsep=10.0pt
* \skip\footins=10.8pt plus 4.0pt minus 2.0pt
* \hoffset=0.0pt
* \voffset=0.0pt
* \mag=1000
* \@twocolumnfalse
* \@twosidefalse
* \@mparswitchfalse
* \@reversemarginfalse
* (1in=72.27pt=25.4mm, 1cm=28.453pt)

\AtBeginShipoutBox=\box33
Package hyperref Info: Link coloring ON on input line 14.
("C:\Program Files (x86)\MiKTeX 2.9\tex\latex\hyperref\nameref.sty"
Package: nameref 2010/04/30 v2.40 Cross-referencing by name of section

("C:\Program Files (x86)\MiKTeX 2.9\tex\generic\oberdiek\gettitlestring.sty"
Package: gettitlestring 2010/12/03 v1.4 Cleanup title references (HO)
)
\c@section@level=\count122
)
LaTeX Info: Redefining \ref on input line 14.
LaTeX Info: Redefining \pageref on input line 14.
LaTeX Info: Redefining \nameref on input line 14.

(E:\Licenciatura\diseno_inv_1\latex\nn-traffic\main.out)
(E:\Licenciatura\diseno_inv_1\latex\nn-traffic\main.out)
\@outlinefile=\write5

("C:\Program Files (x86)\MiKTeX 2.9\tex\latex\glossaries\dict\glossaries-dictio
nary-English.dict"
Dictionary: glossaries-dictionary, Language: English 
)
\c@maskedRefs=\count123

("C:\Program Files (x86)\MiKTeX 2.9\tex\latex\apacite\spanish.apc"
File: spanish.apc 2012/02/25 v6.01 apacite language file
LaTeX Info: Redefining \BPBI on input line 138.
LaTeX Info: Redefining \BHBI on input line 139.
)
(E:\Licenciatura\diseno_inv_1\latex\nn-traffic\body/cover2.tex
<images/escudo.png, id=207, 267.24844pt x 268.00125pt>
File: images/escudo.png Graphic file (type png)
 <use images/escudo.png>
Package pdftex.def Info: images/escudo.png used on input line 13.
(pdftex.def)             Requested size: 133.62389pt x 134.00029pt.
LaTeX Font Info:    Try loading font information for U+msa on input line 51.

("C:\Program Files (x86)\MiKTeX 2.9\tex\latex\amsfonts\umsa.fd"
File: umsa.fd 2009/06/22 v3.00 AMS symbols A
)
LaTeX Font Info:    Try loading font information for U+msb on input line 51.

("C:\Program Files (x86)\MiKTeX 2.9\tex\latex\amsfonts\umsb.fd"
File: umsb.fd 2009/06/22 v3.00 AMS symbols B
) [1



{C:/ProgramData/MiKTeX/2.9/pdftex/config/pdftex.map} <E:/Licenciatura/diseno_in
v_1/latex/nn-traffic/images/escudo.png>])
(E:\Licenciatura\diseno_inv_1\latex\nn-traffic\body/presentation.tex
Underfull \hbox (badness 10000) in paragraph at lines 1--2

 []


Underfull \hbox (badness 10000) in paragraph at lines 1--2

 []


Underfull \hbox (badness 10000) in paragraph at lines 6--8

 []


Underfull \hbox (badness 10000) in paragraph at lines 11--12

 []


Underfull \hbox (badness 10000) in paragraph at lines 15--16

 []


Underfull \hbox (badness 10000) in paragraph at lines 20--21

 []

)pdfTeX warning (ext4): destination with the same identifier (name{page.I}) has
 been already used, duplicate ignored
<to be read again> 
                   \relax 
l.20 \tableofcontents
                      [1]
(E:\Licenciatura\diseno_inv_1\latex\nn-traffic\main.toc

LaTeX Font Warning: Font shape `OT1/cmr/bx/sc' undefined
(Font)              using `OT1/cmr/bx/n' instead on input line 3.


Package spanish Warning: Replacing `OT1/cmr/bx/sc' by 
(spanish)                faked small caps on input line 3.


Package spanish Warning: Replacing `OT1/cmr/bx/sc' by 
(spanish)                faked small caps on input line 4.


Package spanish Warning: Replacing `OT1/cmr/bx/sc' by 
(spanish)                faked small caps on input line 5.

[2

])
\tf@toc=\write6
 [3] (E:\Licenciatura\diseno_inv_1\latex\nn-traffic\main.lof)
\tf@lof=\write7
 [4

]
(E:\Licenciatura\diseno_inv_1\latex\nn-traffic\main.lot)
\tf@lot=\write8
 [5

]
(E:\Licenciatura\diseno_inv_1\latex\nn-traffic\body/introduction.tex [1


])
(E:\Licenciatura\diseno_inv_1\latex\nn-traffic\body/description.tex

Package Fancyhdr Warning: \headheight is too small (12.0pt): 
 Make it at least 14.49998pt.
 We now make it that large for the rest of the document.
 This may cause the page layout to be inconsistent, however.

[2]
 1.
(E:\Licenciatura\diseno_inv_1\latex\nn-traffic\body/desc/background.tex
[3

] [4]
Missing character: There is no ä in font cmr12!
 [5])
(E:\Licenciatura\diseno_inv_1\latex\nn-traffic\body/desc/problem.tex

Package Fancyhdr Warning: \headheight is too small (14.49998pt): 
 Make it at least 15.71667pt.
 We now make it that large for the rest of the document.
 This may cause the page layout to be inconsistent, however.

[6]
Missing character: There is no … in font cmti12!
Missing character: There is no … in font cmti12!
 [7] [8] <images/trafico1.png, id=389, 684.99391pt x 544.01044pt>
File: images/trafico1.png Graphic file (type png)

<use images/trafico1.png>
Package pdftex.def Info: images/trafico1.png used on input line 93.
(pdftex.def)             Requested size: 357.34862pt x 283.79999pt.
 [9 <E:/Licenciatura/diseno_inv_1/latex/nn-traffic/images/trafico1.png (PNG cop
y)>])
(E:\Licenciatura\diseno_inv_1\latex\nn-traffic\body/desc/justification.tex
[10] [11])
(E:\Licenciatura\diseno_inv_1\latex\nn-traffic\body/desc/objectives.tex
[12] [13]) (E:\Licenciatura\diseno_inv_1\latex\nn-traffic\body/desc/scope.tex
[14]
Underfull \hbox (badness 10000) in paragraph at lines 33--36

 []

[15]
Missing character: There is no “ in font cmr12!
Missing character: There is no ” in font cmr12!
 [16])) (E:\Licenciatura\diseno_inv_1\latex\nn-traffic\body/theory.tex
[17]
 2.

(E:\Licenciatura\diseno_inv_1\latex\nn-traffic\body/theory/biologycal_model.tex
<images/TesisYGR-neuron.png, id=442, 295.85532pt x 213.04594pt>
File: images/TesisYGR-neuron.png Graphic file (type png)

<use images/TesisYGR-neuron.png>
Package pdftex.def Info: images/TesisYGR-neuron.png used on input line 17.
(pdftex.def)             Requested size: 215.0023pt x 154.82655pt.
 [18

 <E:/Licenciatura/diseno_inv_1/latex/nn-traffic/images/TesisYGR-neuron.png>])
(E:\Licenciatura\diseno_inv_1\latex\nn-traffic\body/theory/ann.tex [19]
[20] [21]) (E:\Licenciatura\diseno_inv_1\latex\nn-traffic\body/theory/atms.tex
Missing character: There is no – in font cmr12!
Missing character: There is no ú in font cmr12!

Underfull \hbox (badness 10000) in paragraph at lines 25--25
[][]\OT1/cmr/m/n/12 Sistemas Avan-za-dos
 []


Underfull \hbox (badness 6477) in paragraph at lines 26--26
[][]\OT1/cmr/m/n/12 Sistemas in-te-li-gen-tes
 []


Underfull \hbox (badness 2538) in paragraph at lines 26--26
\OT1/cmr/m/n/12 de trans-por-tes com-
 []


Overfull \hbox (43.549pt too wide) in paragraph at lines 18--30
 [][][] 
 []


Underfull \hbox (badness 10000) in paragraph at lines 74--74
[][]\OT1/cmr/m/n/12 Direccionamiento
 []


Overfull \hbox (43.549pt too wide) in paragraph at lines 66--81
 [][][] 
 []

[22] [23]
Missing character: There is no ú in font cmr12!
 [24]
Missing character: There is no “ in font cmr12!
Missing character: There is no ” in font cmr12!
))
(E:\Licenciatura\diseno_inv_1\latex\nn-traffic\body/methodology.tex [25]
 3.
(E:\Licenciatura\diseno_inv_1\latex\nn-traffic\body/method/type.tex [26

]
[27]) (E:\Licenciatura\diseno_inv_1\latex\nn-traffic\body/method/phases.tex
Missing character: There is no á in font cmr12!

Overfull \hbox (5.30339pt too wide) in paragraph at lines 35--43
[][]\OT1/cmr/bx/sc/12 Analizar el mo-de-lo de fun-cio-na-mien-to del sis-te-ma 
usa-do por el MOPT:
 []

[28] [29] [30]))
(E:\Licenciatura\diseno_inv_1\latex\nn-traffic\body/feasibility.tex [31]
 4.
[32

]
Overfull \hbox (24.13512pt too wide) in paragraph at lines 74--81
 [][][] 
 []


LaTeX Warning: `!h' float specifier changed to `!ht'.


Underfull \hbox (badness 10000) in paragraph at lines 90--90
[][]\OT1/cmr/bx/sc/12 Consumo
 []


Underfull \hbox (badness 10000) in paragraph at lines 90--90
[]\OT1/cmr/bx/sc/12 Costo
 []


Underfull \hbox (badness 10000) in paragraph at lines 90--90
\OT1/cmr/bx/sc/12 en co-lo-
 []


LaTeX Warning: `!h' float specifier changed to `!ht'.


LaTeX Warning: `!h' float specifier changed to `!ht'.

[33] [34]) (E:\Licenciatura\diseno_inv_1\latex\nn-traffic\body/worksch.tex
[35]
 5.

Underfull \hbox (badness 10000) in paragraph at lines 29--32

 []


Overfull \hbox (4.28339pt too wide) in paragraph at lines 42--42
[]\OT1/cmr/bx/sc/12 Prob.| 
 []


Overfull \hbox (2.8157pt too wide) in paragraph at lines 42--42
[]\OT1/cmr/bx/sc/12 Impacto| 
 []


Overfull \hbox (6.40303pt too wide) in paragraph at lines 42--42
[]\OT1/cmr/bx/sc/12 Magnitud| 
 []


Underfull \hbox (badness 10000) in paragraph at lines 44--46
[]\OT1/cmr/m/n/12 No con-tar
 []


Underfull \hbox (badness 10000) in paragraph at lines 44--46
\OT1/cmr/m/n/12 con los da-tos
 []


Underfull \hbox (badness 10000) in paragraph at lines 44--46
\OT1/cmr/m/n/12 es-tadscos ge-
 []


Underfull \hbox (badness 10000) in paragraph at lines 44--46
\OT1/cmr/m/n/12 ne-ra-dos por
 []


Underfull \hbox (badness 10000) in paragraph at lines 44--46
\OT1/cmr/m/n/12 el sis-te-ma de
 []


Underfull \hbox (badness 5637) in paragraph at lines 44--46
\OT1/cmr/m/n/12 co del MOPT
 []


Underfull \hbox (badness 5711) in paragraph at lines 44--46
\OT1/cmr/m/n/12 ne-ce-sa-rios pa-ra
 []


Underfull \hbox (badness 10000) in paragraph at lines 44--46
\OT1/cmr/m/n/12 con-tras-tar los
 []


Underfull \hbox (badness 2376) in paragraph at lines 52--53
\OT1/cmr/m/n/12 ner un mo-de-lo
 []


Underfull \hbox (badness 1303) in paragraph at lines 52--53
\OT1/cmr/m/n/12 las ex-pec-ta-ti-vas
 []


Underfull \hbox (badness 3568) in paragraph at lines 60--62
[]\OT1/cmr/m/n/12 No con-tar con
 []


Underfull \hbox (badness 10000) in paragraph at lines 60--62
\OT1/cmr/m/n/12 los fac-to-res
 []


Underfull \hbox (badness 10000) in paragraph at lines 60--62
\OT1/cmr/m/n/12 ne-ce-sa-rios pa-
 []


Underfull \hbox (badness 10000) in paragraph at lines 60--62
\OT1/cmr/m/n/12 ra pro-bar el
 []


Underfull \hbox (badness 10000) in paragraph at lines 60--62
\OT1/cmr/m/n/12 co-rrec-to fun-
 []


Underfull \hbox (badness 6825) in paragraph at lines 60--62
\OT1/cmr/m/n/12 cio-na-mien-to de
 []


Underfull \hbox (badness 10000) in paragraph at lines 60--62
\OT1/cmr/m/n/12 cau-san-do una
 []


Underfull \hbox (badness 10000) in paragraph at lines 60--62
\OT1/cmr/m/n/12 del desem-pe~no
 []


Overfull \hbox (60.25119pt too wide) in paragraph at lines 40--69
 [][][] 
 []

[36

] [37] <images/cronoMIN.png, id=578, 630.85687pt x 378.66469pt>
File: images/cronoMIN.png Graphic file (type png)

<use images/cronoMIN.png>
Package pdftex.def Info: images/cronoMIN.png used on input line 77.
(pdftex.def)             Requested size: 473.01636pt x 361.71124pt.

Overfull \hbox (43.01173pt too wide) in paragraph at lines 77--78
 [][][] 
 []

[38 <E:/Licenciatura/diseno_inv_1/latex/nn-traffic/images/cronoMIN.png>]
<images/ganttMIN2.png, id=583, 978.65625pt x 379.4175pt>
File: images/ganttMIN2.png Graphic file (type png)

<use images/ganttMIN2.png>
Package pdftex.def Info: images/ganttMIN2.png used on input line 85.
(pdftex.def)             Requested size: 569.06953pt x 426.79732pt.

Overfull \hbox (12.59297pt too wide) in paragraph at lines 85--86
 [][][] 
 []


LaTeX Warning: Float too large for page by 23.626pt on input line 88.

[39 <E:/Licenciatura/diseno_inv_1/latex/nn-traffic/images/ganttMIN2.png>])
(E:\Licenciatura\diseno_inv_1\latex\nn-traffic\body/annexes.tex [40




])
(E:\Licenciatura\diseno_inv_1\latex\nn-traffic\main.bbl [41

]
Underfull \hbox (badness 3260) in paragraph at lines 67--84
[][]\OT1/cmr/m/n/12 Basogain, X.  (s.f.[]).  \OT1/cmr/m/it/12 RE-DES NEU-RO-NA-
LES AR-TI-FI-CIA-LES Y SUS
 []


Underfull \hbox (badness 6910) in paragraph at lines 67--84
\OT1/cmr/m/it/12 APLI-CA-CIO-NES.  \OT1/cmr/m/n/12 Bil-bao: Es-cue-la Su-pe-rio
r de In-ge-niera de Bil-bao.
 []


Underfull \hbox (badness 3199) in paragraph at lines 67--84
\OT1/cmr/m/n/12 Des-car-ga-do de [][]$\OT1/cmtt/m/n/12 http :// ocw [] .ehu [] 
.es / ensenanzas [] -tecnicas / redes [] -neuronales []$
 []


Underfull \hbox (badness 7451) in paragraph at lines 140--154
[][]\OT1/cmr/m/n/12 Conferencia Eu-ro-pea de Mi-nis-tros de Trans-por-te.  (206
).  \OT1/cmr/m/it/12 Ges-tion
 []


Underfull \hbox (badness 10000) in paragraph at lines 140--154
\OT1/cmr/m/it/12 de Ve-lo-ci-dad\OT1/cmr/m/n/12 .  Des-car-ga-do de [][]$\OT1/c
mtt/m/n/12 http :// books [] .google [] .co [] .cr / books []$
 []


Underfull \hbox (badness 10000) in paragraph at lines 140--154
$\OT1/cmtt/m/n/12 ?id = n1fiGOhmF68C&pg = PT42&dq = Consumo + de + combustible 
+ en + marchas +$
 []


Underfull \hbox (badness 10000) in paragraph at lines 140--154
$\OT1/cmtt/m/n/12 inferiores&hl = en&sa = X&ei = v6iCT5SKHsi [] -twfJsYifBg&ved
 = 0CEAQ6AEwAg #$
 []


Underfull \hbox (badness 3199) in paragraph at lines 202--219
\OT1/cmr/m/n/12 Des-car-ga-do de [][]$\OT1/cmtt/m/n/12 URLhttp :// www [] .amaz
on [] .com / Harrisons [] -Principles [] -Internal []$
 []


Underfull \hbox (badness 10000) in paragraph at lines 202--219
$\OT1/cmtt/m/n/12 -Medicine [] -Volumes / dp / 007174889X / ref = sr [] []1 [] 
[]1 [] ?ie = UTF8&qid = 1329942776&sr =$
 []

[42

]
Underfull \hbox (badness 10000) in paragraph at lines 506--529
$\OT1/cmtt/m/n/12 j&q = &esrc = s&source = web&cd = 2&ved = 0CD8QFjAB&url = htt
p :// citeseerx [] .ist []$
 []


Underfull \hbox (badness 10000) in paragraph at lines 506--529
$\OT1/cmtt/m/n/12 .psu [] .edu / viewdoc / download [] ?doi = 10 [] .1 [] .1 []
 .172 [] .1950&rep = rep1&type = pdf&ei =$
 []


Underfull \hbox (badness 10000) in paragraph at lines 506--529
$\OT1/cmtt/m/n/12 vNJ8T5zeNIaK8QSsuZjjDA&usg = AFQjCNGPdc6mHU0snW8qDiB5LZYpBpg7
VQ&sig2 =$
 []


Underfull \hbox (badness 5504) in paragraph at lines 545--562
[][]\OT1/cmr/m/n/12 Kumar, G.  (2007).  \OT1/cmr/m/it/12 Ar-ti-fi-cial Neu-ral 
Net-work and Its Ap-pli-ca-tion.
 []


Underfull \hbox (badness 7344) in paragraph at lines 545--562
\OT1/cmr/m/n/12 New Del-hi.  Des-car-ga-do de [][]$\OT1/cmtt/m/n/12 http :// ww
w [] .iasri [] .res [] .in / ebook / EBADAT / 5 []$
 []

[43]) (E:\Licenciatura\diseno_inv_1\latex\nn-traffic\body/glossary.tex [44])

Package glossaries Warning: No \printglossary or \printglossaries found.
This document will not have a glossary.

Package atveryend Info: Empty hook `BeforeClearDocument' on input line 58.
[45

]
Package atveryend Info: Empty hook `AfterLastShipout' on input line 58.
 (E:\Licenciatura\diseno_inv_1\latex\nn-traffic\main.aux)
Package atveryend Info: Executing hook `AtVeryEndDocument' on input line 58.
Package atveryend Info: Executing hook `AtEndAfterFileList' on input line 58.
Package rerunfilecheck Info: File `main.out' has not changed.
(rerunfilecheck)             Checksum: BD178ABD3AB7FBD9C5A5649BD75AE4C0;3609.


LaTeX Font Warning: Some font shapes were not available, defaults substituted.


LaTeX Warning: There were multiply-defined labels.

 )
(\end occurred inside a group at level 1)

### semi simple group (level 1) entered at line 26 (\begingroup)
### bottom level 
Here is how much of TeX's memory you used:
 9736 strings out of 494045
 142127 string characters out of 3145964
 259417 words of memory out of 3000000
 12641 multiletter control sequences out of 15000+200000
 13097 words of font info for 48 fonts, out of 3000000 for 9000
 715 hyphenation exceptions out of 8191
 34i,13n,43p,1324b,854s stack positions out of 5000i,500n,10000p,200000b,50000s
<C:/Program Files (x86)/MiKTeX 2.9/fonts/type1/public/amsfonts/
cm/cmbx12.pfb><C:/Program Files (x86)/MiKTeX 2.9/fonts/type1/public/amsfonts/cm
/cmbx8.pfb><C:/Program Files (x86)/MiKTeX 2.9/fonts/type1/public/amsfonts/cm/cm
csc10.pfb><C:/Program Files (x86)/MiKTeX 2.9/fonts/type1/public/amsfonts/cm/cmr
12.pfb><C:/Program Files (x86)/MiKTeX 2.9/fonts/type1/public/amsfonts/cm/cmsl12
.pfb><C:/Program Files (x86)/MiKTeX 2.9/fonts/type1/public/amsfonts/cm/cmti12.p
fb><C:/Program Files (x86)/MiKTeX 2.9/fonts/type1/public/amsfonts/cm/cmtt12.pfb
>
Output written on main.pdf (51 pages, 557156 bytes).
PDF statistics:
 712 PDF objects out of 1000 (max. 8388607)
 147 named destinations out of 1000 (max. 500000)
 434 words of extra memory for PDF output out of 10000 (max. 10000000)

