\BOOKMARK [0][-]{chapter.1}{Introducc\363n}{}% 1
\BOOKMARK [1][-]{section.1.1}{Introducci\363n}{chapter.1}% 2
\BOOKMARK [0][-]{chapter.2}{Descripci\363n del Proyecto}{}% 3
\BOOKMARK [1][-]{section.2.1}{Antecedentes}{chapter.2}% 4
\BOOKMARK [1][-]{section.2.2}{Problem\341tica a Resolver}{chapter.2}% 5
\BOOKMARK [2][-]{subsection.2.2.1}{Planteamiento del Problema}{section.2.2}% 6
\BOOKMARK [2][-]{subsection.2.2.2}{Problema a evaluar}{section.2.2}% 7
\BOOKMARK [1][-]{section.2.3}{Justificaci\363n}{chapter.2}% 8
\BOOKMARK [2][-]{subsection.2.3.1}{Beneficios}{section.2.3}% 9
\BOOKMARK [1][-]{section.2.4}{Hip\363tesis}{chapter.2}% 10
\BOOKMARK [1][-]{section.2.5}{Objetivos}{chapter.2}% 11
\BOOKMARK [2][-]{subsection.2.5.1}{Objetivo General}{section.2.5}% 12
\BOOKMARK [2][-]{subsection.2.5.2}{Objetivos Espec\355ficos}{section.2.5}% 13
\BOOKMARK [1][-]{section.2.6}{Alcance y Limitaciones}{chapter.2}% 14
\BOOKMARK [1][-]{section.2.7}{Lista de Entregables}{chapter.2}% 15
\BOOKMARK [0][-]{chapter.3}{Marco Te\363rico}{}% 16
\BOOKMARK [1][-]{section.3.1}{Redes neuronales y la toma de decisiones}{chapter.3}% 17
\BOOKMARK [2][-]{subsection.3.1.1}{El Modelo Biol\363gico}{section.3.1}% 18
\BOOKMARK [1][-]{section.3.2}{Redes neuronales artificiales}{chapter.3}% 19
\BOOKMARK [2][-]{subsection.3.2.1}{Algoritmo de Backpropagation}{section.3.2}% 20
\BOOKMARK [2][-]{subsection.3.2.2}{Sistemas Expertos vs Redes Neuronales}{section.3.2}% 21
\BOOKMARK [1][-]{section.3.3}{Sistemas de Transporte Inteligente}{chapter.3}% 22
\BOOKMARK [2][-]{subsection.3.3.1}{Sistemas de Control de Sem\341foros}{section.3.3}% 23
\BOOKMARK [0][-]{chapter.4}{Marco Metodol\363gico}{}% 24
\BOOKMARK [1][-]{section.4.1}{Asunci\363n}{chapter.4}% 25
\BOOKMARK [1][-]{section.4.2}{Enfoque de Investigac\363n}{chapter.4}% 26
\BOOKMARK [1][-]{section.4.3}{Tipo de Investigac\363n}{chapter.4}% 27
\BOOKMARK [1][-]{section.4.4}{Actividades Involucradas}{chapter.4}% 28
\BOOKMARK [2][-]{subsection.4.4.1}{An\341lisis de modelos actuales}{section.4.4}% 29
\BOOKMARK [2][-]{subsection.4.4.2}{Dise\361o la red}{section.4.4}% 30
\BOOKMARK [2][-]{subsection.4.4.3}{Creaci\363n programa de simulaci\363n}{section.4.4}% 31
\BOOKMARK [2][-]{subsection.4.4.4}{Simulaci\363n de los tiempos de espera}{section.4.4}% 32
\BOOKMARK [2][-]{subsection.4.4.5}{Simulaci\363n y entrenamiento la red}{section.4.4}% 33
\BOOKMARK [2][-]{subsection.4.4.6}{Iteraci\363n de simulaciones}{section.4.4}% 34
\BOOKMARK [2][-]{subsection.4.4.7}{Evaluaci\363n de ambientes vividos y factores de San Jos\351}{section.4.4}% 35
\BOOKMARK [0][-]{chapter.5}{Estudio de Factibilidad}{}% 36
\BOOKMARK [1][-]{section.5.1}{Factibilidad T\351nica}{chapter.5}% 37
\BOOKMARK [1][-]{section.5.2}{Factibilidad Financiera}{chapter.5}% 38
\BOOKMARK [1][-]{section.5.3}{Factibilidad Operativa}{chapter.5}% 39
\BOOKMARK [1][-]{section.5.4}{Factibilidad Legal}{chapter.5}% 40
\BOOKMARK [0][-]{chapter.6}{Plan de Trabajo}{}% 41
\BOOKMARK [1][-]{section.6.1}{Resultados y Productos Esperados}{chapter.6}% 42
\BOOKMARK [1][-]{section.6.2}{Riesgos del proyecto}{chapter.6}% 43
\BOOKMARK [1][-]{section.6.3}{Proyecci\363n o cronograma}{chapter.6}% 44
\BOOKMARK [0][-]{chapter*.4}{Bibliograf\355a}{}% 45
\BOOKMARK [0][-]{chapter*.5}{Glosario de T\351rminos}{}% 46
